# JRE version: OpenJDK Runtime Environment (8.0_152-b02) (build 1.8.0_152-release-1024-b02)
# Java VM: OpenJDK 64-Bit Server VM (25.152-b02 mixed mode windows-amd64 compressed oops)
Heap:
 PSYoungGen      total 121856K, used 121840K [0x00000000e0000000, 0x00000000e9c00000, 0x0000000100000000)
  eden space 105472K, 100% used [0x00000000e0000000,0x00000000e6700000,0x00000000e6700000)
  from space 16384K, 99% used [0x00000000e6700000,0x00000000e76fc230,0x00000000e7700000)
  to   space 18944K, 87% used [0x00000000e8980000,0x00000000e99a08c0,0x00000000e9c00000)
 ParOldGen       total 90624K, used 37957K [0x00000000a0000000, 0x00000000a5880000, 0x00000000e0000000)
  object space 90624K, 41% used [0x00000000a0000000,0x00000000a2511758,0x00000000a5880000)
 Metaspace       used 62835K, capacity 64646K, committed 64856K, reserved 1105920K
  class space    used 8350K, capacity 8809K, committed 8832K, reserved 1048576K
GC Heap History (10 events):
Event: 166.667 GC heap after
Heap after GC invocations=36 (full 2):
 PSYoungGen      total 102400K, used 10750K [0x00000000e0000000, 0x00000000e7b80000, 0x0000000100000000)
  eden space 91648K, 0% used [0x00000000e0000000,0x00000000e0000000,0x00000000e5980000)
  from space 10752K, 99% used [0x00000000e6800000,0x00000000e727f9b0,0x00000000e7280000)
  to   space 14848K, 0% used [0x00000000e5980000,0x00000000e5980000,0x00000000e6800000)
 ParOldGen       total 59392K, used 29467K [0x00000000a0000000, 0x00000000a3a00000, 0x00000000e0000000)
  object space 59392K, 49% used [0x00000000a0000000,0x00000000a1cc6d98,0x00000000a3a00000)
 Metaspace       used 55661K, capacity 56960K, committed 57304K, reserved 1099776K
  class space    used 7256K, capacity 7607K, committed 7680K, reserved 1048576K
}
Event: 167.341 GC heap before
{Heap before GC invocations=37 (full 2):
 PSYoungGen      total 102400K, used 32409K [0x00000000e0000000, 0x00000000e7b80000, 0x0000000100000000)
  eden space 91648K, 23% used [0x00000000e0000000,0x00000000e1526bf0,0x00000000e5980000)
  from space 10752K, 99% used [0x00000000e6800000,0x00000000e727f9b0,0x00000000e7280000)
  to   space 14848K, 0% used [0x00000000e5980000,0x00000000e5980000,0x00000000e6800000)
 ParOldGen       total 59392K, used 29467K [0x00000000a0000000, 0x00000000a3a00000, 0x00000000e0000000)
  object space 59392K, 49% used [0x00000000a0000000,0x00000000a1cc6d98,0x00000000a3a00000)
 Metaspace       used 57490K, capacity 59018K, committed 59028K, reserved 1099776K
  class space    used 7505K, capacity 7928K, committed 7936K, reserved 1048576K
Event: 167.363 GC heap after
Heap after GC invocations=37 (full 2):
 PSYoungGen      total 106496K, used 13069K [0x00000000e0000000, 0x00000000e8700000, 0x0000000100000000)
  eden space 91648K, 0% used [0x00000000e0000000,0x00000000e0000000,0x00000000e5980000)
  from space 14848K, 88% used [0x00000000e5980000,0x00000000e6643488,0x00000000e6800000)
  to   space 16384K, 0% used [0x00000000e7700000,0x00000000e7700000,0x00000000e8700000)
 ParOldGen       total 59392K, used 29556K [0x00000000a0000000, 0x00000000a3a00000, 0x00000000e0000000)
  object space 59392K, 49% used [0x00000000a0000000,0x00000000a1cdd228,0x00000000a3a00000)
 Metaspace       used 57490K, capacity 59018K, committed 59028K, reserved 1099776K
  class space    used 7505K, capacity 7928K, committed 7936K, reserved 1048576K
}
Event: 167.364 GC heap before
{Heap before GC invocations=38 (full 3):
 PSYoungGen      total 106496K, used 13069K [0x00000000e0000000, 0x00000000e8700000, 0x0000000100000000)
  eden space 91648K, 0% used [0x00000000e0000000,0x00000000e0000000,0x00000000e5980000)
  from space 14848K, 88% used [0x00000000e5980000,0x00000000e6643488,0x00000000e6800000)
  to   space 16384K, 0% used [0x00000000e7700000,0x00000000e7700000,0x00000000e8700000)
 ParOldGen       total 59392K, used 29556K [0x00000000a0000000, 0x00000000a3a00000, 0x00000000e0000000)
  object space 59392K, 49% used [0x00000000a0000000,0x00000000a1cdd228,0x00000000a3a00000)
 Metaspace       used 57490K, capacity 59018K, committed 59028K, reserved 1099776K
  class space    used 7505K, capacity 7928K, committed 7936K, reserved 1048576K
Event: 167.748 GC heap after
Heap after GC invocations=38 (full 3):
 PSYoungGen      total 106496K, used 0K [0x00000000e0000000, 0x00000000e8700000, 0x0000000100000000)
  eden space 91648K, 0% used [0x00000000e0000000,0x00000000e0000000,0x00000000e5980000)
  from space 14848K, 0% used [0x00000000e5980000,0x00000000e5980000,0x00000000e6800000)
  to   space 16384K, 0% used [0x00000000e7700000,0x00000000e7700000,0x00000000e8700000)
 ParOldGen       total 90624K, used 36985K [0x00000000a0000000, 0x00000000a5880000, 0x00000000e0000000)
  object space 90624K, 40% used [0x00000000a0000000,0x00000000a241e5e0,0x00000000a5880000)
 Metaspace       used 57452K, capacity 58912K, committed 59028K, reserved 1099776K
  class space    used 7493K, capacity 7914K, committed 7936K, reserved 1048576K
}
Event: 170.573 GC heap before
{Heap before GC invocations=39 (full 3):
 PSYoungGen      total 106496K, used 91648K [0x00000000e0000000, 0x00000000e8700000, 0x0000000100000000)
  eden space 91648K, 100% used [0x00000000e0000000,0x00000000e5980000,0x00000000e5980000)
  from space 14848K, 0% used [0x00000000e5980000,0x00000000e5980000,0x00000000e6800000)
  to   space 16384K, 0% used [0x00000000e7700000,0x00000000e7700000,0x00000000e8700000)
 ParOldGen       total 90624K, used 36985K [0x00000000a0000000, 0x00000000a5880000, 0x00000000e0000000)
  object space 90624K, 40% used [0x00000000a0000000,0x00000000a241e5e0,0x00000000a5880000)
 Metaspace       used 61965K, capacity 63822K, committed 64088K, reserved 1103872K
  class space    used 8230K, capacity 8710K, committed 8832K, reserved 1048576K
Event: 170.608 GC heap after
Heap after GC invocations=39 (full 3):
 PSYoungGen      total 121856K, used 9512K [0x00000000e0000000, 0x00000000e8800000, 0x0000000100000000)
  eden space 105472K, 0% used [0x00000000e0000000,0x00000000e0000000,0x00000000e6700000)
  from space 16384K, 58% used [0x00000000e7700000,0x00000000e804a110,0x00000000e8700000)
  to   space 16384K, 0% used [0x00000000e6700000,0x00000000e6700000,0x00000000e7700000)
 ParOldGen       total 90624K, used 36993K [0x00000000a0000000, 0x00000000a5880000, 0x00000000e0000000)
  object space 90624K, 40% used [0x00000000a0000000,0x00000000a24205e0,0x00000000a5880000)
 Metaspace       used 61965K, capacity 63822K, committed 64088K, reserved 1103872K
  class space    used 8230K, capacity 8710K, committed 8832K, reserved 1048576K
}
Event: 178.113 GC heap before
{Heap before GC invocations=40 (full 3):
 PSYoungGen      total 121856K, used 114984K [0x00000000e0000000, 0x00000000e8800000, 0x0000000100000000)
  eden space 105472K, 100% used [0x00000000e0000000,0x00000000e6700000,0x00000000e6700000)
  from space 16384K, 58% used [0x00000000e7700000,0x00000000e804a110,0x00000000e8700000)
  to   space 16384K, 0% used [0x00000000e6700000,0x00000000e6700000,0x00000000e7700000)
 ParOldGen       total 90624K, used 36993K [0x00000000a0000000, 0x00000000a5880000, 0x00000000e0000000)
  object space 90624K, 40% used [0x00000000a0000000,0x00000000a24205e0,0x00000000a5880000)
 Metaspace       used 62758K, capacity 64564K, committed 64600K, reserved 1105920K
  class space    used 8348K, capacity 8806K, committed 8832K, reserved 1048576K
Event: 178.150 GC heap after
Heap after GC invocations=40 (full 3):
 PSYoungGen      total 121856K, used 16368K [0x00000000e0000000, 0x00000000e9c00000, 0x0000000100000000)
  eden space 105472K, 0% used [0x00000000e0000000,0x00000000e0000000,0x00000000e6700000)
  from space 16384K, 99% used [0x00000000e6700000,0x00000000e76fc230,0x00000000e7700000)
  to   space 18944K, 0% used [0x00000000e8980000,0x00000000e8980000,0x00000000e9c00000)
 ParOldGen       total 90624K, used 37949K [0x00000000a0000000, 0x00000000a5880000, 0x00000000e0000000)
  object space 90624K, 41% used [0x00000000a0000000,0x00000000a250f758,0x00000000a5880000)
 Metaspace       used 62758K, capacity 64564K, committed 64600K, reserved 1105920K
  class space    used 8348K, capacity 8806K, committed 8832K, reserved 1048576K
}
Event: 229.458 GC heap before
{Heap before GC invocations=41 (full 3):
 PSYoungGen      total 121856K, used 121840K [0x00000000e0000000, 0x00000000e9c00000, 0x0000000100000000)
  eden space 105472K, 100% used [0x00000000e0000000,0x00000000e6700000,0x00000000e6700000)
  from space 16384K, 99% used [0x00000000e6700000,0x00000000e76fc230,0x00000000e7700000)
  to   space 18944K, 0% used [0x00000000e8980000,0x00000000e8980000,0x00000000e9c00000)
 ParOldGen       total 90624K, used 37949K [0x00000000a0000000, 0x00000000a5880000, 0x00000000e0000000)
  object space 90624K, 41% used [0x00000000a0000000,0x00000000a250f758,0x00000000a5880000)
 Metaspace       used 62835K, capacity 64646K, committed 64856K, reserved 1105920K
  class space    used 8350K, capacity 8809K, committed 8832K, reserved 1048576K

